This is pdfTeX, Version 3.1415926-2.3-1.40.12 (MiKTeX 2.9) (preloaded format=pdflatex 2020.12.23)  10 JUL 2021 23:36
entering extended mode
**E:/study/mypaper/SDL_FCS_2021/FCS*template2012v2/onGithub_20210710/SDL_FCS_20
210710.tex

("E:/study/mypaper/SDL_FCS_2021/FCS template2012v2/onGithub_20210710/SDL_FCS_20
210710.tex"
LaTeX2e <2011/06/27>
Babel <v3.8m> and hyphenation patterns for loaded.
("E:\study\mypaper\SDL_FCS_2021\FCS template2012v2\onGithub_20210710\fcs.cls"
Document Class: fcs 2012/01/21 v0.1 Frontier of Computer Science in China LaTeX
 document class
(C:\CTEX\MiKTeX\tex\latex\base\article.cls
Document Class: article 2007/10/19 v1.4h Standard LaTeX document class
(C:\CTEX\MiKTeX\tex\latex\base\size10.clo
File: size10.clo 2007/10/19 v1.4h Standard LaTeX file (size option)
)
\c@part=\count79
\c@section=\count80
\c@subsection=\count81
\c@subsubsection=\count82
\c@paragraph=\count83
\c@subparagraph=\count84
\c@figure=\count85
\c@table=\count86
\abovecaptionskip=\skip41
\belowcaptionskip=\skip42
\bibindent=\dimen102
)
(C:\CTEX\MiKTeX\tex\latex\ams\math\amsmath.sty
Package: amsmath 2000/07/18 v2.13 AMS math features
\@mathmargin=\skip43

For additional information on amsmath, use the `?' option.
(C:\CTEX\MiKTeX\tex\latex\ams\math\amstext.sty
Package: amstext 2000/06/29 v2.01

(C:\CTEX\MiKTeX\tex\latex\ams\math\amsgen.sty
File: amsgen.sty 1999/11/30 v2.0
\@emptytoks=\toks14
\ex@=\dimen103
))
(C:\CTEX\MiKTeX\tex\latex\ams\math\amsbsy.sty
Package: amsbsy 1999/11/29 v1.2d
\pmbraise@=\dimen104
)
(C:\CTEX\MiKTeX\tex\latex\ams\math\amsopn.sty
Package: amsopn 1999/12/14 v2.01 operator names
)
\inf@bad=\count87
LaTeX Info: Redefining \frac on input line 211.
\uproot@=\count88
\leftroot@=\count89
LaTeX Info: Redefining \overline on input line 307.
\classnum@=\count90
\DOTSCASE@=\count91
LaTeX Info: Redefining \ldots on input line 379.
LaTeX Info: Redefining \dots on input line 382.
LaTeX Info: Redefining \cdots on input line 467.
\Mathstrutbox@=\box26
\strutbox@=\box27
\big@size=\dimen105
LaTeX Font Info:    Redeclaring font encoding OML on input line 567.
LaTeX Font Info:    Redeclaring font encoding OMS on input line 568.
\macc@depth=\count92
\c@MaxMatrixCols=\count93
\dotsspace@=\muskip10
\c@parentequation=\count94
\dspbrk@lvl=\count95
\tag@help=\toks15
\row@=\count96
\column@=\count97
\maxfields@=\count98
\andhelp@=\toks16
\eqnshift@=\dimen106
\alignsep@=\dimen107
\tagshift@=\dimen108
\tagwidth@=\dimen109
\totwidth@=\dimen110
\lineht@=\dimen111
\@envbody=\toks17
\multlinegap=\skip44
\multlinetaggap=\skip45
\mathdisplay@stack=\toks18
LaTeX Info: Redefining \[ on input line 2666.
LaTeX Info: Redefining \] on input line 2667.
)
(C:\CTEX\MiKTeX\tex\latex\amsfonts\amssymb.sty
Package: amssymb 2009/06/22 v3.00

(C:\CTEX\MiKTeX\tex\latex\amsfonts\amsfonts.sty
Package: amsfonts 2009/06/22 v3.00 Basic AMSFonts support
\symAMSa=\mathgroup4
\symAMSb=\mathgroup5
LaTeX Font Info:    Overwriting math alphabet `\mathfrak' in version `bold'
(Font)                  U/euf/m/n --> U/euf/b/n on input line 96.
))
(C:\CTEX\MiKTeX\tex\latex\ams\classes\amsthm.sty
Package: amsthm 2004/08/06 v2.20
\thm@style=\toks19
\thm@bodyfont=\toks20
\thm@headfont=\toks21
\thm@notefont=\toks22
\thm@headpunct=\toks23
\thm@preskip=\skip46
\thm@postskip=\skip47
\thm@headsep=\skip48
\dth@everypar=\toks24
)
(C:\CTEX\MiKTeX\tex\latex\base\latexsym.sty
Package: latexsym 1998/08/17 v2.2e Standard LaTeX package (lasy symbols)
\symlasy=\mathgroup6
LaTeX Font Info:    Overwriting symbol font `lasy' in version `bold'
(Font)                  U/lasy/m/n --> U/lasy/b/n on input line 47.
)
(C:\CTEX\MiKTeX\tex\latex\txfonts\txfonts.sty
Package: txfonts 2008/01/22 v3.2.1
LaTeX Font Info:    Redeclaring symbol font `operators' on input line 21.
LaTeX Font Info:    Overwriting symbol font `operators' in version `normal'
(Font)                  OT1/cmr/m/n --> OT1/txr/m/n on input line 21.
LaTeX Font Info:    Overwriting symbol font `operators' in version `bold'
(Font)                  OT1/cmr/bx/n --> OT1/txr/m/n on input line 21.
LaTeX Font Info:    Overwriting symbol font `operators' in version `bold'
(Font)                  OT1/txr/m/n --> OT1/txr/bx/n on input line 22.
\symitalic=\mathgroup7
LaTeX Font Info:    Overwriting symbol font `italic' in version `bold'
(Font)                  OT1/txr/m/it --> OT1/txr/bx/it on input line 26.
LaTeX Font Info:    Redeclaring math alphabet \mathbf on input line 29.
LaTeX Font Info:    Overwriting math alphabet `\mathbf' in version `normal'
(Font)                  OT1/cmr/bx/n --> OT1/txr/bx/n on input line 29.
LaTeX Font Info:    Overwriting math alphabet `\mathbf' in version `bold'
(Font)                  OT1/cmr/bx/n --> OT1/txr/bx/n on input line 29.
LaTeX Font Info:    Redeclaring math alphabet \mathit on input line 30.
LaTeX Font Info:    Overwriting math alphabet `\mathit' in version `normal'
(Font)                  OT1/cmr/m/it --> OT1/txr/m/it on input line 30.
LaTeX Font Info:    Overwriting math alphabet `\mathit' in version `bold'
(Font)                  OT1/cmr/bx/it --> OT1/txr/m/it on input line 30.
LaTeX Font Info:    Overwriting math alphabet `\mathit' in version `bold'
(Font)                  OT1/txr/m/it --> OT1/txr/bx/it on input line 31.
LaTeX Font Info:    Redeclaring math alphabet \mathsf on input line 40.
LaTeX Font Info:    Overwriting math alphabet `\mathsf' in version `normal'
(Font)                  OT1/cmss/m/n --> OT1/txss/m/n on input line 40.
LaTeX Font Info:    Overwriting math alphabet `\mathsf' in version `bold'
(Font)                  OT1/cmss/bx/n --> OT1/txss/m/n on input line 40.
LaTeX Font Info:    Overwriting math alphabet `\mathsf' in version `bold'
(Font)                  OT1/txss/m/n --> OT1/txss/b/n on input line 41.
LaTeX Font Info:    Redeclaring math alphabet \mathtt on input line 50.
LaTeX Font Info:    Overwriting math alphabet `\mathtt' in version `normal'
(Font)                  OT1/cmtt/m/n --> OT1/txtt/m/n on input line 50.
LaTeX Font Info:    Overwriting math alphabet `\mathtt' in version `bold'
(Font)                  OT1/cmtt/m/n --> OT1/txtt/m/n on input line 50.
LaTeX Font Info:    Overwriting math alphabet `\mathtt' in version `bold'
(Font)                  OT1/txtt/m/n --> OT1/txtt/b/n on input line 51.
LaTeX Font Info:    Redeclaring symbol font `letters' on input line 58.
LaTeX Font Info:    Overwriting symbol font `letters' in version `normal'
(Font)                  OML/cmm/m/it --> OML/txmi/m/it on input line 58.
LaTeX Font Info:    Overwriting symbol font `letters' in version `bold'
(Font)                  OML/cmm/b/it --> OML/txmi/m/it on input line 58.
LaTeX Font Info:    Overwriting symbol font `letters' in version `bold'
(Font)                  OML/txmi/m/it --> OML/txmi/bx/it on input line 59.
\symlettersA=\mathgroup8
LaTeX Font Info:    Overwriting symbol font `lettersA' in version `bold'
(Font)                  U/txmia/m/it --> U/txmia/bx/it on input line 67.
LaTeX Font Info:    Redeclaring math alphabet \mathfrak on input line 70.
LaTeX Font Info:    Redeclaring symbol font `symbols' on input line 77.
LaTeX Font Info:    Overwriting symbol font `symbols' in version `normal'
(Font)                  OMS/cmsy/m/n --> OMS/txsy/m/n on input line 77.
LaTeX Font Info:    Overwriting symbol font `symbols' in version `bold'
(Font)                  OMS/cmsy/b/n --> OMS/txsy/m/n on input line 77.
LaTeX Font Info:    Overwriting symbol font `symbols' in version `bold'
(Font)                  OMS/txsy/m/n --> OMS/txsy/bx/n on input line 78.
LaTeX Font Info:    Redeclaring symbol font `AMSa' on input line 93.
LaTeX Font Info:    Overwriting symbol font `AMSa' in version `normal'
(Font)                  U/msa/m/n --> U/txsya/m/n on input line 93.
LaTeX Font Info:    Overwriting symbol font `AMSa' in version `bold'
(Font)                  U/msa/m/n --> U/txsya/m/n on input line 93.
LaTeX Font Info:    Overwriting symbol font `AMSa' in version `bold'
(Font)                  U/txsya/m/n --> U/txsya/bx/n on input line 94.
LaTeX Font Info:    Redeclaring symbol font `AMSb' on input line 102.
LaTeX Font Info:    Overwriting symbol font `AMSb' in version `normal'
(Font)                  U/msb/m/n --> U/txsyb/m/n on input line 102.
LaTeX Font Info:    Overwriting symbol font `AMSb' in version `bold'
(Font)                  U/msb/m/n --> U/txsyb/m/n on input line 102.
LaTeX Font Info:    Overwriting symbol font `AMSb' in version `bold'
(Font)                  U/txsyb/m/n --> U/txsyb/bx/n on input line 103.
\symsymbolsC=\mathgroup9
LaTeX Font Info:    Overwriting symbol font `symbolsC' in version `bold'
(Font)                  U/txsyc/m/n --> U/txsyc/bx/n on input line 113.
LaTeX Font Info:    Redeclaring symbol font `largesymbols' on input line 120.
LaTeX Font Info:    Overwriting symbol font `largesymbols' in version `normal'
(Font)                  OMX/cmex/m/n --> OMX/txex/m/n on input line 120.
LaTeX Font Info:    Overwriting symbol font `largesymbols' in version `bold'
(Font)                  OMX/cmex/m/n --> OMX/txex/m/n on input line 120.
LaTeX Font Info:    Overwriting symbol font `largesymbols' in version `bold'
(Font)                  OMX/txex/m/n --> OMX/txex/bx/n on input line 121.
\symlargesymbolsA=\mathgroup10
LaTeX Font Info:    Overwriting symbol font `largesymbolsA' in version `bold'
(Font)                  U/txexa/m/n --> U/txexa/bx/n on input line 129.
LaTeX Info: Redefining \not on input line 1043.
LaTeX Info: Redefining \textsquare on input line 1063.
LaTeX Info: Redefining \openbox on input line 1064.
)
(C:\CTEX\MiKTeX\tex\latex\psnfss\helvet.sty
Package: helvet 2005/04/12 PSNFSS-v9.2a (WaS) 

(C:\CTEX\MiKTeX\tex\latex\graphics\keyval.sty
Package: keyval 1999/03/16 v1.13 key=value parser (DPC)
\KV@toks@=\toks25
))
(C:\CTEX\MiKTeX\tex\latex\psnfss\courier.sty
Package: courier 2005/04/12 PSNFSS-v9.2a (WaS) 
)
(C:\CTEX\MiKTeX\tex\latex\amsfonts\eucal.sty
Package: eucal 2009/06/22 v3.00 Euler Script fonts
LaTeX Font Info:    Overwriting math alphabet `\EuScript' in version `bold'
(Font)                  U/eus/m/n --> U/eus/b/n on input line 33.
)
(C:\CTEX\MiKTeX\tex\latex\base\fontenc.sty
Package: fontenc 2005/09/27 v1.99g Standard LaTeX package

(C:\CTEX\MiKTeX\tex\latex\cyrillic\ot2enc.def
File: ot2enc.def 2001/08/11 v3.3a Cyrillic encoding definition file
)
(C:\CTEX\MiKTeX\tex\latex\base\t1enc.def
File: t1enc.def 2005/09/27 v1.99g Standard LaTeX file
LaTeX Font Info:    Redeclaring font encoding T1 on input line 43.
))
(C:\CTEX\MiKTeX\tex\latex\titlesec\titlesec.sty
Package: titlesec 2011/12/15 v2.10.0 Sectioning titles
\ttl@box=\box28
\beforetitleunit=\skip49
\aftertitleunit=\skip50
\ttl@plus=\dimen112
\ttl@minus=\dimen113
\ttl@toksa=\toks26
\titlewidth=\dimen114
\titlewidthlast=\dimen115
\titlewidthfirst=\dimen116
)
(C:\CTEX\MiKTeX\tex\latex\graphics\graphicx.sty
Package: graphicx 1999/02/16 v1.0f Enhanced LaTeX Graphics (DPC,SPQR)

(C:\CTEX\MiKTeX\tex\latex\graphics\graphics.sty
Package: graphics 2009/02/05 v1.0o Standard LaTeX Graphics (DPC,SPQR)

(C:\CTEX\MiKTeX\tex\latex\graphics\trig.sty
Package: trig 1999/03/16 v1.09 sin cos tan (DPC)
)
(C:\CTEX\MiKTeX\tex\latex\00miktex\graphics.cfg
File: graphics.cfg 2007/01/18 v1.5 graphics configuration of teTeX/TeXLive
)
Package graphics Info: Driver file: pdftex.def on input line 91.

(C:\CTEX\MiKTeX\tex\latex\pdftex-def\pdftex.def
File: pdftex.def 2011/05/27 v0.06d Graphics/color for pdfTeX

(C:\CTEX\MiKTeX\tex\generic\oberdiek\infwarerr.sty
Package: infwarerr 2010/04/08 v1.3 Providing info/warning/message (HO)
)
(C:\CTEX\MiKTeX\tex\generic\oberdiek\ltxcmds.sty
Package: ltxcmds 2011/04/18 v1.20 LaTeX kernel commands for general use (HO)
)
\Gread@gobject=\count99
))
\Gin@req@height=\dimen117
\Gin@req@width=\dimen118
)
(C:\CTEX\MiKTeX\tex\latex\graphics\color.sty
Package: color 2005/11/14 v1.0j Standard LaTeX Color (DPC)

(C:\CTEX\MiKTeX\tex\latex\00miktex\color.cfg
File: color.cfg 2007/01/18 v1.5 color configuration of teTeX/TeXLive
)
Package color Info: Driver file: pdftex.def on input line 130.
)
(C:\CTEX\MiKTeX\tex\latex\sttools\flushend.sty
Package: flushend 1997/10/01
\@aaa=\box29
\@ccc=\box30
\@viper=\box31
\hold@viper=\box32
\atColsBreak=\toks27
\@extra@skip=\dimen119
\@nd@page@rule=\dimen120
)
(C:\CTEX\MiKTeX\tex\latex\sttools\cuted.sty
Package: cuted 1997/10/01
\At@ViperColsBreak=\toks28
\v@aaa=\box33
\v@ccc=\box34
\stripsep=\skip51
\viper@penalty=\count100
\ht@viper=\dimen121
)
(C:\CTEX\MiKTeX\tex\latex\cite\cite.sty
LaTeX Info: Redefining \cite on input line 302.
LaTeX Info: Redefining \nocite on input line 373.
Package: cite 2010/09/10  v 5.3
)
(C:\CTEX\MiKTeX\tex\latex\wrapfig\wrapfig.sty
\wrapoverhang=\dimen122
\WF@size=\dimen123
\c@WF@wrappedlines=\count101
\WF@box=\box35
\WF@everypar=\toks29
Package: wrapfig 2003/01/31  v 3.6
)
(C:\CTEX\MiKTeX\tex\latex\tools\calc.sty
Package: calc 2007/08/22 v4.3 Infix arithmetic (KKT,FJ)
\calc@Acount=\count102
\calc@Bcount=\count103
\calc@Adimen=\dimen124
\calc@Bdimen=\dimen125
\calc@Askip=\skip52
\calc@Bskip=\skip53
LaTeX Info: Redefining \setlength on input line 76.
LaTeX Info: Redefining \addtolength on input line 77.
\calc@Ccount=\count104
\calc@Cskip=\skip54
))
(C:\CTEX\MiKTeX\tex\latex\tools\bm.sty
Package: bm 2004/02/26 v1.1c Bold Symbol Support (DPC/FMi)
\symboldoperators=\mathgroup11
\symboldletters=\mathgroup12
LaTeX Font Info:    Redeclaring math alphabet \mathbf on input line 138.
LaTeX Info: Redefining \bm on input line 204.
)
(C:\CTEX\MiKTeX\tex\latex\stmaryrd\stmaryrd.sty
Package: stmaryrd 1994/03/03 St Mary's Road symbol package
\symstmry=\mathgroup13
LaTeX Font Info:    Overwriting symbol font `stmry' in version `bold'
(Font)                  U/stmry/m/n --> U/stmry/b/n on input line 89.
)
(C:\CTEX\MiKTeX\tex\latex\cases\cases.sty
Package: cases 2002/05/02 ver 2.5 
)
(C:\CTEX\MiKTeX\tex\latex\pgf\basiclayer\pgf.sty
(C:\CTEX\MiKTeX\tex\latex\pgf\utilities\pgfrcs.sty
(C:\CTEX\MiKTeX\tex\generic\pgf\utilities\pgfutil-common.tex
\pgfutil@everybye=\toks30
)
(C:\CTEX\MiKTeX\tex\generic\pgf\utilities\pgfutil-latex.def
\pgfutil@abb=\box36

(C:\CTEX\MiKTeX\tex\latex\ms\everyshi.sty
Package: everyshi 2001/05/15 v3.00 EveryShipout Package (MS)
))
(C:\CTEX\MiKTeX\tex\generic\pgf\utilities\pgfrcs.code.tex
Package: pgfrcs 2010/10/25 v2.10 (rcs-revision 1.24)
))
Package: pgf 2008/01/15 v2.10 (rcs-revision 1.12)

(C:\CTEX\MiKTeX\tex\latex\pgf\basiclayer\pgfcore.sty
(C:\CTEX\MiKTeX\tex\latex\pgf\systemlayer\pgfsys.sty
(C:\CTEX\MiKTeX\tex\generic\pgf\systemlayer\pgfsys.code.tex
Package: pgfsys 2010/06/30 v2.10 (rcs-revision 1.37)

(C:\CTEX\MiKTeX\tex\generic\pgf\utilities\pgfkeys.code.tex
\pgfkeys@pathtoks=\toks31
\pgfkeys@temptoks=\toks32

(C:\CTEX\MiKTeX\tex\generic\pgf\utilities\pgfkeysfiltered.code.tex
\pgfkeys@tmptoks=\toks33
))
\pgf@x=\dimen126
\pgf@y=\dimen127
\pgf@xa=\dimen128
\pgf@ya=\dimen129
\pgf@xb=\dimen130
\pgf@yb=\dimen131
\pgf@xc=\dimen132
\pgf@yc=\dimen133
\w@pgf@writea=\write3
\r@pgf@reada=\read1
\c@pgf@counta=\count105
\c@pgf@countb=\count106
\c@pgf@countc=\count107
\c@pgf@countd=\count108

(C:\CTEX\MiKTeX\tex\generic\pgf\systemlayer\pgf.cfg
File: pgf.cfg 2008/05/14  (rcs-revision 1.7)
)
Package pgfsys Info: Driver file for pgf: pgfsys-pdftex.def on input line 900.

(C:\CTEX\MiKTeX\tex\generic\pgf\systemlayer\pgfsys-pdftex.def
File: pgfsys-pdftex.def 2009/05/22  (rcs-revision 1.26)

(C:\CTEX\MiKTeX\tex\generic\pgf\systemlayer\pgfsys-common-pdf.def
File: pgfsys-common-pdf.def 2008/05/19  (rcs-revision 1.10)
)))
(C:\CTEX\MiKTeX\tex\generic\pgf\systemlayer\pgfsyssoftpath.code.tex
File: pgfsyssoftpath.code.tex 2008/07/18  (rcs-revision 1.7)
\pgfsyssoftpath@smallbuffer@items=\count109
\pgfsyssoftpath@bigbuffer@items=\count110
)
(C:\CTEX\MiKTeX\tex\generic\pgf\systemlayer\pgfsysprotocol.code.tex
File: pgfsysprotocol.code.tex 2006/10/16  (rcs-revision 1.4)
))
(C:\CTEX\MiKTeX\tex\latex\xcolor\xcolor.sty
Package: xcolor 2007/01/21 v2.11 LaTeX color extensions (UK)

(C:\CTEX\MiKTeX\tex\latex\00miktex\color.cfg
File: color.cfg 2007/01/18 v1.5 color configuration of teTeX/TeXLive
)
Package xcolor Info: Driver file: pdftex.def on input line 225.
LaTeX Info: Redefining \color on input line 702.
Package xcolor Info: Model `cmy' substituted by `cmy0' on input line 1337.
Package xcolor Info: Model `hsb' substituted by `rgb' on input line 1341.
Package xcolor Info: Model `RGB' extended on input line 1353.
Package xcolor Info: Model `HTML' substituted by `rgb' on input line 1355.
Package xcolor Info: Model `Hsb' substituted by `hsb' on input line 1356.
Package xcolor Info: Model `tHsb' substituted by `hsb' on input line 1357.
Package xcolor Info: Model `HSB' substituted by `hsb' on input line 1358.
Package xcolor Info: Model `Gray' substituted by `gray' on input line 1359.
Package xcolor Info: Model `wave' substituted by `hsb' on input line 1360.
)
(C:\CTEX\MiKTeX\tex\generic\pgf\basiclayer\pgfcore.code.tex
Package: pgfcore 2010/04/11 v2.10 (rcs-revision 1.7)

(C:\CTEX\MiKTeX\tex\generic\pgf\math\pgfmath.code.tex
(C:\CTEX\MiKTeX\tex\generic\pgf\math\pgfmathcalc.code.tex
(C:\CTEX\MiKTeX\tex\generic\pgf\math\pgfmathutil.code.tex)
(C:\CTEX\MiKTeX\tex\generic\pgf\math\pgfmathparser.code.tex
\pgfmath@dimen=\dimen134
\pgfmath@count=\count111
\pgfmath@box=\box37
\pgfmath@toks=\toks34
\pgfmath@stack@operand=\toks35
\pgfmath@stack@operation=\toks36
)
(C:\CTEX\MiKTeX\tex\generic\pgf\math\pgfmathfunctions.code.tex
(C:\CTEX\MiKTeX\tex\generic\pgf\math\pgfmathfunctions.basic.code.tex)
(C:\CTEX\MiKTeX\tex\generic\pgf\math\pgfmathfunctions.trigonometric.code.tex)
(C:\CTEX\MiKTeX\tex\generic\pgf\math\pgfmathfunctions.random.code.tex)
(C:\CTEX\MiKTeX\tex\generic\pgf\math\pgfmathfunctions.comparison.code.tex)
(C:\CTEX\MiKTeX\tex\generic\pgf\math\pgfmathfunctions.base.code.tex)
(C:\CTEX\MiKTeX\tex\generic\pgf\math\pgfmathfunctions.round.code.tex)
(C:\CTEX\MiKTeX\tex\generic\pgf\math\pgfmathfunctions.misc.code.tex)))
(C:\CTEX\MiKTeX\tex\generic\pgf\math\pgfmathfloat.code.tex
\c@pgfmathroundto@lastzeros=\count112
))
(C:\CTEX\MiKTeX\tex\generic\pgf\basiclayer\pgfcorepoints.code.tex
File: pgfcorepoints.code.tex 2010/04/09  (rcs-revision 1.20)
\pgf@picminx=\dimen135
\pgf@picmaxx=\dimen136
\pgf@picminy=\dimen137
\pgf@picmaxy=\dimen138
\pgf@pathminx=\dimen139
\pgf@pathmaxx=\dimen140
\pgf@pathminy=\dimen141
\pgf@pathmaxy=\dimen142
\pgf@xx=\dimen143
\pgf@xy=\dimen144
\pgf@yx=\dimen145
\pgf@yy=\dimen146
\pgf@zx=\dimen147
\pgf@zy=\dimen148
)
(C:\CTEX\MiKTeX\tex\generic\pgf\basiclayer\pgfcorepathconstruct.code.tex
File: pgfcorepathconstruct.code.tex 2010/08/03  (rcs-revision 1.24)
\pgf@path@lastx=\dimen149
\pgf@path@lasty=\dimen150
)
(C:\CTEX\MiKTeX\tex\generic\pgf\basiclayer\pgfcorepathusage.code.tex
File: pgfcorepathusage.code.tex 2008/04/22  (rcs-revision 1.12)
\pgf@shorten@end@additional=\dimen151
\pgf@shorten@start@additional=\dimen152
)
(C:\CTEX\MiKTeX\tex\generic\pgf\basiclayer\pgfcorescopes.code.tex
File: pgfcorescopes.code.tex 2010/09/08  (rcs-revision 1.34)
\pgfpic=\box38
\pgf@hbox=\box39
\pgf@layerbox@main=\box40
\pgf@picture@serial@count=\count113
)
(C:\CTEX\MiKTeX\tex\generic\pgf\basiclayer\pgfcoregraphicstate.code.tex
File: pgfcoregraphicstate.code.tex 2008/04/22  (rcs-revision 1.9)
\pgflinewidth=\dimen153
)
(C:\CTEX\MiKTeX\tex\generic\pgf\basiclayer\pgfcoretransformations.code.tex
File: pgfcoretransformations.code.tex 2009/06/10  (rcs-revision 1.11)
\pgf@pt@x=\dimen154
\pgf@pt@y=\dimen155
\pgf@pt@temp=\dimen156
)
(C:\CTEX\MiKTeX\tex\generic\pgf\basiclayer\pgfcorequick.code.tex
File: pgfcorequick.code.tex 2008/10/09  (rcs-revision 1.3)
)
(C:\CTEX\MiKTeX\tex\generic\pgf\basiclayer\pgfcoreobjects.code.tex
File: pgfcoreobjects.code.tex 2006/10/11  (rcs-revision 1.2)
)
(C:\CTEX\MiKTeX\tex\generic\pgf\basiclayer\pgfcorepathprocessing.code.tex
File: pgfcorepathprocessing.code.tex 2008/10/09  (rcs-revision 1.8)
)
(C:\CTEX\MiKTeX\tex\generic\pgf\basiclayer\pgfcorearrows.code.tex
File: pgfcorearrows.code.tex 2008/04/23  (rcs-revision 1.11)
)
(C:\CTEX\MiKTeX\tex\generic\pgf\basiclayer\pgfcoreshade.code.tex
File: pgfcoreshade.code.tex 2008/11/23  (rcs-revision 1.13)
\pgf@max=\dimen157
\pgf@sys@shading@range@num=\count114
)
(C:\CTEX\MiKTeX\tex\generic\pgf\basiclayer\pgfcoreimage.code.tex
File: pgfcoreimage.code.tex 2010/03/25  (rcs-revision 1.16)

(C:\CTEX\MiKTeX\tex\generic\pgf\basiclayer\pgfcoreexternal.code.tex
File: pgfcoreexternal.code.tex 2010/09/01  (rcs-revision 1.17)
\pgfexternal@startupbox=\box41
))
(C:\CTEX\MiKTeX\tex\generic\pgf\basiclayer\pgfcorelayers.code.tex
File: pgfcorelayers.code.tex 2010/08/27  (rcs-revision 1.2)
)
(C:\CTEX\MiKTeX\tex\generic\pgf\basiclayer\pgfcoretransparency.code.tex
File: pgfcoretransparency.code.tex 2008/01/17  (rcs-revision 1.2)
)
(C:\CTEX\MiKTeX\tex\generic\pgf\basiclayer\pgfcorepatterns.code.tex
File: pgfcorepatterns.code.tex 2009/07/02  (rcs-revision 1.3)
)))
(C:\CTEX\MiKTeX\tex\generic\pgf\modules\pgfmoduleshapes.code.tex
File: pgfmoduleshapes.code.tex 2010/09/09  (rcs-revision 1.13)
\pgfnodeparttextbox=\box42
)
(C:\CTEX\MiKTeX\tex\generic\pgf\modules\pgfmoduleplot.code.tex
File: pgfmoduleplot.code.tex 2010/10/22  (rcs-revision 1.8)
)
(C:\CTEX\MiKTeX\tex\latex\pgf\compatibility\pgfcomp-version-0-65.sty
Package: pgfcomp-version-0-65 2007/07/03 v2.10 (rcs-revision 1.7)
\pgf@nodesepstart=\dimen158
\pgf@nodesepend=\dimen159
)
(C:\CTEX\MiKTeX\tex\latex\pgf\compatibility\pgfcomp-version-1-18.sty
Package: pgfcomp-version-1-18 2007/07/23 v2.10 (rcs-revision 1.1)
))
(C:\CTEX\MiKTeX\tex\latex\pgf\frontendlayer\tikz.sty
(C:\CTEX\MiKTeX\tex\latex\pgf\utilities\pgffor.sty
(C:\CTEX\MiKTeX\tex\latex\pgf\utilities\pgfkeys.sty
(C:\CTEX\MiKTeX\tex\generic\pgf\utilities\pgfkeys.code.tex))
(C:\CTEX\MiKTeX\tex\generic\pgf\utilities\pgffor.code.tex
Package: pgffor 2010/03/23 v2.10 (rcs-revision 1.18)
\pgffor@iter=\dimen160
\pgffor@skip=\dimen161
\pgffor@stack=\toks37
\pgffor@toks=\toks38
))
(C:\CTEX\MiKTeX\tex\generic\pgf\frontendlayer\tikz\tikz.code.tex
Package: tikz 2010/10/13 v2.10 (rcs-revision 1.76)

(C:\CTEX\MiKTeX\tex\generic\pgf\libraries\pgflibraryplothandlers.code.tex
File: pgflibraryplothandlers.code.tex 2010/05/31 v2.10 (rcs-revision 1.15)
\pgf@plot@mark@count=\count115
\pgfplotmarksize=\dimen162
)
\tikz@lastx=\dimen163
\tikz@lasty=\dimen164
\tikz@lastxsaved=\dimen165
\tikz@lastysaved=\dimen166
\tikzleveldistance=\dimen167
\tikzsiblingdistance=\dimen168
\tikz@figbox=\box43
\tikz@tempbox=\box44
\tikztreelevel=\count116
\tikznumberofchildren=\count117
\tikznumberofcurrentchild=\count118
\tikz@fig@count=\count119

(C:\CTEX\MiKTeX\tex\generic\pgf\modules\pgfmodulematrix.code.tex
File: pgfmodulematrix.code.tex 2010/08/24  (rcs-revision 1.4)
\pgfmatrixcurrentrow=\count120
\pgfmatrixcurrentcolumn=\count121
\pgf@matrix@numberofcolumns=\count122
)
\tikz@expandcount=\count123

(C:\CTEX\MiKTeX\tex\generic\pgf\frontendlayer\tikz\libraries\tikzlibrarytopaths
.code.tex
File: tikzlibrarytopaths.code.tex 2008/06/17 v2.10 (rcs-revision 1.2)
))) (C:\CTEX\MiKTeX\tex\latex\framed\framed.sty
Package: framed 2007/10/04 v 0.95: framed or shaded text with page breaks
\fb@frw=\dimen169
\fb@frh=\dimen170
\FrameRule=\dimen171
\FrameSep=\dimen172
)
(C:\CTEX\MiKTeX\tex\latex\tools\enumerate.sty
Package: enumerate 1999/03/05 v3.00 enumerate extensions (DPC)
\@enLab=\toks39
)
(C:\CTEX\MiKTeX\tex\latex\makecell\makecell.sty
Package: makecell 2009/08/03 V0.1e Managing of Tab Column Heads and Cells

(C:\CTEX\MiKTeX\tex\latex\tools\array.sty
Package: array 2008/09/09 v2.4c Tabular extension package (FMi)
\col@sep=\dimen173
\extrarowheight=\dimen174
\NC@list=\toks40
\extratabsurround=\skip55
\backup@length=\skip56
)
\rotheadsize=\dimen175
\c@nlinenum=\count124
\TeXr@lab=\toks41
)
(C:\CTEX\MiKTeX\tex\latex\listings\listings.sty
\lst@mode=\count125
\lst@gtempboxa=\box45
\lst@token=\toks42
\lst@length=\count126
\lst@currlwidth=\dimen176
\lst@column=\count127
\lst@pos=\count128
\lst@lostspace=\dimen177
\lst@width=\dimen178
\lst@newlines=\count129
\lst@lineno=\count130
\lst@maxwidth=\dimen179

(C:\CTEX\MiKTeX\tex\latex\listings\lstmisc.sty
File: lstmisc.sty 2007/02/22 1.4 (Carsten Heinz)
\c@lstnumber=\count131
\lst@skipnumbers=\count132
\lst@framebox=\box46
)
(C:\CTEX\MiKTeX\tex\latex\listings\listings.cfg
File: listings.cfg 2007/02/22 1.4 listings configuration
))
Package: listings 2007/02/22 1.4 (Carsten Heinz)

(C:\CTEX\MiKTeX\tex\latex\tools\multicol.sty
Package: multicol 2011/06/27 v1.7a multicolumn formatting (FMi)
\c@tracingmulticols=\count133
\mult@box=\box47
\multicol@leftmargin=\dimen180
\c@unbalance=\count134
\c@collectmore=\count135
\doublecol@number=\count136
\multicoltolerance=\count137
\multicolpretolerance=\count138
\full@width=\dimen181
\page@free=\dimen182
\premulticols=\dimen183
\postmulticols=\dimen184
\multicolsep=\skip57
\multicolbaselineskip=\skip58
\partial@page=\box48
\last@line=\box49
\mult@rightbox=\box50
\mult@grightbox=\box51
\mult@gfirstbox=\box52
\mult@firstbox=\box53
\@tempa=\box54
\@tempa=\box55
\@tempa=\box56
\@tempa=\box57
\@tempa=\box58
\@tempa=\box59
\@tempa=\box60
\@tempa=\box61
\@tempa=\box62
\@tempa=\box63
\@tempa=\box64
\@tempa=\box65
\@tempa=\box66
\@tempa=\box67
\@tempa=\box68
\@tempa=\box69
\@tempa=\box70
\c@columnbadness=\count139
\c@finalcolumnbadness=\count140
\last@try=\dimen185
\multicolovershoot=\dimen186
\multicolundershoot=\dimen187
\mult@nat@firstbox=\box71
\colbreak@box=\box72
\multicol@sort@counter=\count141
)
(C:\CTEX\MiKTeX\tex\latex\caption\subcaption.sty
Package: subcaption 2011/10/30 v1.1c Sub-captions (AR)

(C:\CTEX\MiKTeX\tex\latex\caption\caption.sty
Package: caption 2011/11/10 v3.2e Customizing captions (AR)

(C:\CTEX\MiKTeX\tex\latex\caption\caption3.sty
Package: caption3 2011/11/01 v1.4a caption3 kernel (AR)
\captionmargin=\dimen188
\captionmargin@=\dimen189
\captionwidth=\dimen190
\caption@indent=\dimen191
\caption@parindent=\dimen192
\caption@hangindent=\dimen193
Package caption Info: Unknown document class (or package),
(caption)             standard defaults will be used.
)

Package caption Warning: Unsupported document class (or package) detected,
(caption)                usage of the caption package is not recommended.
See the caption package documentation for explanation.

Package caption Info: \@makecaption = \long macro:#1#2->\ifx \@captype \tablety
pe \begin {footnotesize} \vskip \abovecaptionskip \sbox \@tempboxa {#2}#1\quad 
\global \@minipagefalse \hb@xt@ \hsize {\box \@tempboxa \hfil }\vskip \belowcap
tionskip \end {footnotesize} \else \begin {footnotesize} \vskip \abovecaptionsk
ip \sbox \@tempboxa {{\bfseries #1}\quad {\normalfont #2}}\ifdim \wd \@tempboxa
 >\hsize {\bfseries #1}\quad {\normalfont #2}\par \else \global \@minipagefalse
 \hb@xt@ \hsize {\hfil \box \@tempboxa \hfil }\fi \vskip \belowcaptionskip \end
 {footnotesize} \fi .
\c@ContinuedFloat=\count142
Package caption Info: listings package is loaded.
Package caption Info: wrapfig package is loaded.
)
\c@subfigure=\count143
\c@subtable=\count144
) (C:\CTEX\MiKTeX\tex\latex\tikz-timing\tikz-timing.sty
(C:\CTEX\MiKTeX\tex\latex\svn-prov\svn-prov.sty
Package: svn-prov 2010/04/24 v3.1862 Package Date/Version from SVN Keywords
)
Package: tikz-timing 2011/01/09 v0.7d Digital Timing Diagrams using TikZ

(C:\CTEX\MiKTeX\tex\generic\pgf\frontendlayer\tikz\libraries\tikzlibrarycalc.co
de.tex
File: tikzlibrarycalc.code.tex 2009/09/04 v2.10 (rcs-revision 1.6)
)
(C:\CTEX\MiKTeX\tex\generic\pgf\frontendlayer\tikz\libraries\tikzlibrarybackgro
unds.code.tex
File: tikzlibrarybackgrounds.code.tex 2010/02/08 v2.10 (rcs-revision 1.2)
\pgf@layerbox@background=\box73
\pgf@layerboxsaved@background=\box74
)
(C:\CTEX\MiKTeX\tex\generic\pgf\frontendlayer\tikz\libraries\tikzlibrarydecorat
ions.pathmorphing.code.tex
(C:\CTEX\MiKTeX\tex\generic\pgf\frontendlayer\tikz\libraries\tikzlibrarydecorat
ions.code.tex
(C:\CTEX\MiKTeX\tex\generic\pgf\modules\pgfmoduledecorations.code.tex
\pgfdecoratedcompleteddistance=\dimen194
\pgfdecoratedremainingdistance=\dimen195
\pgfdecoratedinputsegmentcompleteddistance=\dimen196
\pgfdecoratedinputsegmentremainingdistance=\dimen197
\pgf@decorate@distancetomove=\dimen198
\pgf@decorate@repeatstate=\count145
\pgfdecorationsegmentamplitude=\dimen199
\pgfdecorationsegmentlength=\dimen200
)
\tikz@lib@dec@box=\box75
)
(C:\CTEX\MiKTeX\tex\generic\pgf\libraries\decorations\pgflibrarydecorations.pat
hmorphing.code.tex))
\tikztiming@numint=\count146
\tikztiming@numfrac=\count147
\tikztiming@xunit=\skip59
\tikztiming@yunit=\skip60
\tikztiming@debug=\count148
\c@tikztiming@nrows=\count149
\c@tikztimingrows=\count150
\c@tikztimingtrans=\count151
\c@tikztimingtranspos=\count152
) (C:\CTEX\MiKTeX\tex\latex\tools\tabularx.sty
Package: tabularx 1999/01/07 v2.07 `tabularx' package (DPC)
\TX@col@width=\dimen201
\TX@old@table=\dimen202
\TX@old@col=\dimen203
\TX@target=\dimen204
\TX@delta=\dimen205
\TX@cols=\count153
\TX@ftn=\toks43
)
(C:\CTEX\MiKTeX\tex\latex\misc\etex.sty
Package: etex 1998/03/26 v2.0 eTeX basic definition package (PEB)
\et@xins=\count154
)
(C:\CTEX\MiKTeX\tex\latex\booktabs\booktabs.sty
Package: booktabs 2005/04/14 v1.61803 publication quality tables
\heavyrulewidth=\dimen206
\lightrulewidth=\dimen207
\cmidrulewidth=\dimen208
\belowrulesep=\dimen209
\belowbottomsep=\dimen210
\aboverulesep=\dimen211
\abovetopsep=\dimen212
\cmidrulesep=\dimen213
\cmidrulekern=\dimen214
\defaultaddspace=\dimen215
\@cmidla=\count155
\@cmidlb=\count156
\@aboverulesep=\dimen216
\@belowrulesep=\dimen217
\@thisruleclass=\count157
\@lastruleclass=\count158
\@thisrulewidth=\dimen218
)
(C:\CTEX\MiKTeX\tex\latex\lkproof\proof.sty
\inferLineSkip=\dimen219
\inferLabelSkip=\dimen220
\@LeftOffset=\dimen221
\@RightOffset=\dimen222
\@SavedLeftOffset=\dimen223
\UpperWidth=\dimen224
\LowerWidth=\dimen225
\LowerHeight=\dimen226
\UpperLeftOffset=\dimen227
\UpperRightOffset=\dimen228
\UpperCenter=\dimen229
\LowerCenter=\dimen230
\UpperAdjust=\dimen231
\RuleAdjust=\dimen232
\LowerAdjust=\dimen233
Normal \dimen register pool exhausted, switching to extended pool.
\RuleWidth=\dimen256
\HLabelAdjust=\dimen257
\VLabelAdjust=\dimen258
\WidthAdjust=\dimen259
\@UpperPart=\box76
\@LowerPart=\box77
\@LabelPart=\box78
\ResultBox=\box79
)
(C:\CTEX\MiKTeX\tex\generic\pgf\frontendlayer\tikz\libraries\tikzlibraryautomat
a.code.tex
File: tikzlibraryautomata.code.tex 2008/07/14 v2.10 (rcs-revision 1.3)

(C:\CTEX\MiKTeX\tex\generic\pgf\frontendlayer\tikz\libraries\tikzlibraryshapes.
multipart.code.tex
File: tikzlibraryshapes.multipart.code.tex 2008/01/09 v2.10 (rcs-revision 1.1)

(C:\CTEX\MiKTeX\tex\generic\pgf\libraries\shapes\pgflibraryshapes.multipart.cod
e.tex
File: pgflibraryshapes.multipart.code.tex 2010/01/07 v2.10 (rcs-revision 1.2)
\pgfnodepartlowerbox=\box80
\pgfnodeparttwobox=\box81
\pgfnodepartthreebox=\box82
\pgfnodepartfourbox=\box83
\pgfnodeparttwentybox=\box84
\pgfnodepartnineteenbox=\box85
\pgfnodeparteighteenbox=\box86
\pgfnodepartseventeenbox=\box87
\pgfnodepartsixteenbox=\box88
\pgfnodepartfifteenbox=\box89
\pgfnodepartfourteenbox=\box90
\pgfnodepartthirteenbox=\box91
\pgfnodeparttwelvebox=\box92
\pgfnodepartelevenbox=\box93
\pgfnodeparttenbox=\box94
\pgfnodepartninebox=\box95
\pgfnodeparteightbox=\box96
\pgfnodepartsevenbox=\box97
\pgfnodepartsixbox=\box98
\pgfnodepartfivebox=\box99
)))
(C:\CTEX\MiKTeX\tex\generic\pgf\frontendlayer\tikz\libraries\tikzlibraryshapes.
code.tex
File: tikzlibraryshapes.code.tex 2008/01/09 v2.10 (rcs-revision 1.1)

(C:\CTEX\MiKTeX\tex\generic\pgf\frontendlayer\tikz\libraries\tikzlibraryshapes.
geometric.code.tex
File: tikzlibraryshapes.geometric.code.tex 2008/01/09 v2.10 (rcs-revision 1.1)

(C:\CTEX\MiKTeX\tex\generic\pgf\libraries\shapes\pgflibraryshapes.geometric.cod
e.tex
File: pgflibraryshapes.geometric.code.tex 2008/06/26 v2.10 (rcs-revision 1.1)
))
(C:\CTEX\MiKTeX\tex\generic\pgf\frontendlayer\tikz\libraries\tikzlibraryshapes.
misc.code.tex
File: tikzlibraryshapes.misc.code.tex 2008/01/09 v2.10 (rcs-revision 1.1)

(C:\CTEX\MiKTeX\tex\generic\pgf\libraries\shapes\pgflibraryshapes.misc.code.tex
File: pgflibraryshapes.misc.code.tex 2008/10/07 v2.10 (rcs-revision 1.3)
))
(C:\CTEX\MiKTeX\tex\generic\pgf\frontendlayer\tikz\libraries\tikzlibraryshapes.
symbols.code.tex
File: tikzlibraryshapes.symbols.code.tex 2008/01/09 v2.10 (rcs-revision 1.1)

(C:\CTEX\MiKTeX\tex\generic\pgf\libraries\shapes\pgflibraryshapes.symbols.code.
tex
File: pgflibraryshapes.symbols.code.tex 2009/10/27 v2.10 (rcs-revision 1.3)
))
(C:\CTEX\MiKTeX\tex\generic\pgf\frontendlayer\tikz\libraries\tikzlibraryshapes.
arrows.code.tex
File: tikzlibraryshapes.arrows.code.tex 2008/01/09 v2.10 (rcs-revision 1.1)

(C:\CTEX\MiKTeX\tex\generic\pgf\libraries\shapes\pgflibraryshapes.arrows.code.t
ex
File: pgflibraryshapes.arrows.code.tex 2008/06/26 v2.10 (rcs-revision 1.1)
))
(C:\CTEX\MiKTeX\tex\generic\pgf\frontendlayer\tikz\libraries\tikzlibraryshapes.
callouts.code.tex
(C:\CTEX\MiKTeX\tex\generic\pgf\libraries\shapes\pgflibraryshapes.callouts.code
.tex)))
(C:\CTEX\MiKTeX\tex\generic\pgf\frontendlayer\tikz\libraries\tikzlibraryarrows.
code.tex
File: tikzlibraryarrows.code.tex 2008/01/09 v2.10 (rcs-revision 1.1)
 (C:\CTEX\MiKTeX\tex\generic\pgf\libraries\pgflibraryarrows.code.tex
File: pgflibraryarrows.code.tex 2008/10/27 v2.10 (rcs-revision 1.9)
\arrowsize=\dimen260
))
(C:\CTEX\MiKTeX\tex\generic\pgf\frontendlayer\tikz\libraries\tikzlibraryfit.cod
e.tex
File: tikzlibraryfit.code.tex 2008/06/21 v2.10 (rcs-revision 1.3)
)
(C:\CTEX\MiKTeX\tex\generic\pgf\frontendlayer\tikz\libraries\tikzlibrarysnakes.
code.tex
File: tikzlibrarysnakes.code.tex 2008/02/05 v2.10 (rcs-revision 1.6)


Package tikz Warning: Snakes have been superseded by decorations. Please use th
e decoration libraries instead of the snakes library on input line 14.


(C:\CTEX\MiKTeX\tex\generic\pgf\frontendlayer\tikz\libraries\tikzlibrarydecorat
ions.pathreplacing.code.tex
(C:\CTEX\MiKTeX\tex\generic\pgf\libraries\decorations\pgflibrarydecorations.pat
hreplacing.code.tex))
(C:\CTEX\MiKTeX\tex\generic\pgf\frontendlayer\tikz\libraries\tikzlibrarydecorat
ions.shapes.code.tex
(C:\CTEX\MiKTeX\tex\generic\pgf\libraries\decorations\pgflibrarydecorations.sha
pes.code.tex))) (C:\CTEX\MiKTeX\tex\latex\algorithms\algorithm.sty
Package: algorithm 2009/08/24 v0.1 Document Style `algorithm' - floating enviro
nment

(C:\CTEX\MiKTeX\tex\latex\float\float.sty
Package: float 2001/11/08 v1.3d Float enhancements (AL)
\c@float@type=\count159
\float@exts=\toks44
\float@box=\box100
\@float@everytoks=\toks45
\@floatcapt=\box101
)
(C:\CTEX\MiKTeX\tex\latex\base\ifthen.sty
Package: ifthen 2001/05/26 v1.1c Standard LaTeX ifthen package (DPC)
)
\@float@every@algorithm=\toks46
\c@algorithm=\count160
)
(C:\CTEX\MiKTeX\tex\latex\algorithmicx\algpseudocode.sty
Package: algpseudocode 

(C:\CTEX\MiKTeX\tex\latex\algorithmicx\algorithmicx.sty
Package: algorithmicx 2005/04/27 v1.2 Algorithmicx

Document Style algorithmicx 1.2 - a greatly improved `algorithmic' style
\c@ALG@line=\count161
\c@ALG@rem=\count162
\c@ALG@nested=\count163
\ALG@tlm=\skip61
\ALG@thistlm=\skip62
\c@ALG@Lnr=\count164
\c@ALG@blocknr=\count165
\c@ALG@storecount=\count166
\c@ALG@tmpcounter=\count167
\ALG@tmplength=\skip63
)
Document Style - pseudocode environments for use with the `algorithmicx' style
)
\c@mydef=\count168
\c@mytheo=\count169
\c@lemma=\count170
\c@prop=\count171
\c@cor=\count172

("E:\study\mypaper\SDL_FCS_2021\FCS template2012v2\onGithub_20210710\SDL_FCS_20
210710.aux")
LaTeX Font Info:    Checking defaults for OML/txmi/m/it on input line 236.
LaTeX Font Info:    Try loading font information for OML+txmi on input line 236
.
 (C:\CTEX\MiKTeX\tex\latex\txfonts\omltxmi.fd
File: omltxmi.fd 2000/12/15 v3.1
)
LaTeX Font Info:    ... okay on input line 236.
LaTeX Font Info:    Checking defaults for T1/cmr/m/n on input line 236.
LaTeX Font Info:    ... okay on input line 236.
LaTeX Font Info:    Checking defaults for OT1/cmr/m/n on input line 236.
LaTeX Font Info:    ... okay on input line 236.
LaTeX Font Info:    Checking defaults for OMS/txsy/m/n on input line 236.
LaTeX Font Info:    Try loading font information for OMS+txsy on input line 236
.

(C:\CTEX\MiKTeX\tex\latex\txfonts\omstxsy.fd
File: omstxsy.fd 2000/12/15 v3.1
)
LaTeX Font Info:    ... okay on input line 236.
LaTeX Font Info:    Checking defaults for OMX/txex/m/n on input line 236.
LaTeX Font Info:    Try loading font information for OMX+txex on input line 236
.

(C:\CTEX\MiKTeX\tex\latex\txfonts\omxtxex.fd
File: omxtxex.fd 2000/12/15 v3.1
)
LaTeX Font Info:    ... okay on input line 236.
LaTeX Font Info:    Checking defaults for U/txexa/m/n on input line 236.
LaTeX Font Info:    Try loading font information for U+txexa on input line 236.


(C:\CTEX\MiKTeX\tex\latex\txfonts\utxexa.fd
File: utxexa.fd 2000/12/15 v3.1
)
LaTeX Font Info:    ... okay on input line 236.
LaTeX Font Info:    Checking defaults for OT2/cmr/m/n on input line 236.
LaTeX Font Info:    Try loading font information for OT2+cmr on input line 236.


(C:\CTEX\MiKTeX\tex\latex\cyrillic\ot2cmr.fd
File: ot2cmr.fd 2001/08/11 v3.2c Computer Modern Cyrillic font definitions
)
LaTeX Font Info:    ... okay on input line 236.
LaTeX Font Info:    Try loading font information for T1+txr on input line 236.

(C:\CTEX\MiKTeX\tex\latex\txfonts\t1txr.fd
File: t1txr.fd 2000/12/15 v3.1
)
(C:\CTEX\MiKTeX\tex\context\base\supp-pdf.mkii
[Loading MPS to PDF converter (version 2006.09.02).]
\scratchcounter=\count173
\scratchdimen=\dimen261
\scratchbox=\box102
\nofMPsegments=\count174
\nofMParguments=\count175
\everyMPshowfont=\toks47
\MPscratchCnt=\count176
\MPscratchDim=\dimen262
\MPnumerator=\count177
\makeMPintoPDFobject=\count178
\everyMPtoPDFconversion=\toks48
) ABD: EveryShipout initializing macros
\c@lstlisting=\count179
Package caption Info: Begin \AtBeginDocument code.
Package caption Info: float package is loaded.
Package caption Info: End \AtBeginDocument code.
LaTeX Font Info:    Try loading font information for OT1+txr on input line 237.


(C:\CTEX\MiKTeX\tex\latex\txfonts\ot1txr.fd
File: ot1txr.fd 2000/12/15 v3.1
)
LaTeX Font Info:    Try loading font information for U+txsya on input line 237.


(C:\CTEX\MiKTeX\tex\latex\txfonts\utxsya.fd
File: utxsya.fd 2000/12/15 v3.1
)
LaTeX Font Info:    Try loading font information for U+txsyb on input line 237.


(C:\CTEX\MiKTeX\tex\latex\txfonts\utxsyb.fd
File: utxsyb.fd 2000/12/15 v3.1
)
LaTeX Font Info:    Try loading font information for U+lasy on input line 237.

(C:\CTEX\MiKTeX\tex\latex\base\ulasy.fd
File: ulasy.fd 1998/08/17 v2.2e LaTeX symbol font definitions
)
LaTeX Font Info:    Try loading font information for U+txmia on input line 237.


(C:\CTEX\MiKTeX\tex\latex\txfonts\utxmia.fd
File: utxmia.fd 2000/12/15 v3.1
)
LaTeX Font Info:    Try loading font information for U+txsyc on input line 237.


(C:\CTEX\MiKTeX\tex\latex\txfonts\utxsyc.fd
File: utxsyc.fd 2000/12/15 v3.1
)
LaTeX Font Info:    Try loading font information for U+stmry on input line 237.


(C:\CTEX\MiKTeX\tex\latex\stmaryrd\ustmry.fd)

Package xcolor Warning: Incompatible color definition on input line 237.


Underfull \hbox (badness 10000) in paragraph at lines 237--237

 []

<xf.pdf, id=4, 20.11516pt x 12.2859pt>
File: xf.pdf Graphic file (type pdf)
 <use xf.pdf>
Package pdftex.def Info: xf.pdf used on input line 237.
(pdftex.def)             Requested size: 20.1151pt x 12.28586pt.
LaTeX Font Info:    Try loading font information for OMS+txr on input line 237.


(C:\CTEX\MiKTeX\tex\latex\txfonts\omstxr.fd
File: omstxr.fd 2000/12/15 v3.1
)
LaTeX Font Info:    Font shape `OMS/txr/m/n' in size <10> not available
(Font)              Font shape `OMS/txsy/m/n' tried instead on input line 237.

Overfull \hbox (1.42264pt too wide) in paragraph at lines 237--237
$[]$ 
 []


Underfull \hbox (badness 10000) has occurred while \output is active

 []


Overfull \vbox (2.78705pt too high) has occurred while \output is active []


[1{C:/CTEX/UserData/pdftex/config/pdftex.map{Unicode.sfd}{UGBK.sfd}}


 <E:/study/mypaper/SDL_FCS_2021/FCS template2012v2/onGithub_20210710/xf.pdf>]
Underfull \vbox (badness 1881) has occurred while \output is active []

 [2]
[3] [4] [5]
Underfull \hbox (badness 6510) in paragraph at lines 838--843
[]$[]\OT1/txr/m/n/10 (\OML/txmi/m/it/10 p[]\OT1/txr/m/n/10 ) =[] [][] [][](\OML
/txmi/m/it/10 p\OT1/txr/m/n/10 )$\T1/txr/m/it/10 , where $[][]\OT1/txr/m/n/10 (
\OML/txmi/m/it/10 q\OT1/txr/m/n/10 ) =[]$
 []


Underfull \hbox (badness 10000) in paragraph at lines 844--845
[]$[]\OT1/txr/m/n/10 ([](\OML/txmi/m/it/10 p[]; :::; p[]\OT1/txr/m/n/10 )) =[] 
[]([](\OML/txmi/m/it/10 p[]; :::; p[]\OT1/txr/m/n/10 ))$\T1/txr/m/it/10 , where

 []

[6]
Underfull \hbox (badness 10000) has occurred while \output is active

 []

[7]
Underfull \hbox (badness 10000) in paragraph at lines 1130--1131
[]\T1/txr/bx/n/10 Definition 3.16 \T1/txr/m/n/10 (Func-tion $[]$)\T1/txr/bx/n/1
0 . []\T1/txr/m/it/10 The func-tion
 []


LaTeX Warning: The counter will not be printed.
             The label is:  on input line 1153.

[8] [9]

LaTeX Warning: Citation `???' on page 10 undefined on input line 1456.


Underfull \vbox (badness 10000) has occurred while \output is active []


Overfull \hbox (2.09924pt too wide) detected at line 1651
[]\OT1/txr/m/n/10 (\OML/txmi/m/it/10 %; Y\OT1/txr/m/n/10 ) =[] [] \OML/txmi/m/i
t/10 :
 []

[10]

LaTeX Warning: Command \i invalid in math mode on input line 1660.

LaTeX Font Info:    Font shape `OMS/txr/m/it' in size <10> not available
(Font)              Font shape `OMS/txsy/m/n' tried instead on input line 1744.

[11]
Underfull \hbox (badness 2057) in paragraph at lines 1781--1782
\T1/txr/m/it/10 val-u-a-tion of a trec $[]\OT1/txr/m/n/10 (\OML/txmi/m/it/10 p[
]; :::; p[]\OT1/txr/m/n/10 ) \OMS/txsy/m/n/10 2 []$\T1/txr/m/it/10 , de-not-ed 
as
 []


Overfull \hbox (24.20554pt too wide) in paragraph at lines 1990--1991
[]$[]\OT1/txr/m/n/10 ([\OML/txmi/m/it/10 p\OT1/txr/m/n/10 ]\OML/txmi/m/it/10 \
OT1/txr/m/n/10 ) =[] \OMS/txsy/m/n/10 f\OML/txmi/m/it/10 s \OMS/txsy/m/n/10 j [
]g$\T1/txr/m/it/10 ; 
 []


Overfull \hbox (36.6555pt too wide) in paragraph at lines 1991--1992
[]$[]\OT1/txr/m/n/10 ([\OML/txmi/m/it/10 p\OT1/txr/m/n/10 ]\U/txsya/m/n/10 \OM
L/txmi/m/it/10 \OT1/txr/m/n/10 ) =[] \OMS/txsy/m/n/10 f\OML/txmi/m/it/10 s \OM
S/txsy/m/n/10 j []g$\T1/txr/m/it/10 ,
 []

[12] [13]
Overfull \hbox (26.40178pt too wide) detected at line 2637
[] []
 []

[14] [15] [16]
Underfull \hbox (badness 4378) in paragraph at lines 3098--3101
[]\T1/txr/m/n/10 General s-peak-ing, for any pro-gram-s $\OML/txmi/m/it/10 p; q
$\T1/txr/m/n/10 , for-mu-la
 []

[17]
Underfull \hbox (badness 1642) in paragraph at lines 3122--3124
[]\T1/txr/bx/n/10 Proposition 5.1 \T1/txr/m/n/10 (The Re-verse of the Rule $\OT
1/txr/m/n/10 ([]\OML/txmi/m/it/10 ; \U/txsya/m/n/10 \OML/txmi/m/it/10 \OT1/tx
r/m/n/10 )$\T1/txr/m/n/10 )\T1/txr/bx/n/10 . []\T1/txr/m/it/10 In
 []


Underfull \hbox (badness 1616) in paragraph at lines 3179--3179
 |[]\T1/txr/bx/n/12 SDL in Spec-i-fi-ca-tion and Ver-i-fi-ca-tion of
 []

[18] <figures/example1.png, id=79, 1129.21875pt x 378.66469pt>
File: figures/example1.png Graphic file (type png)

<use figures/example1.png>
Package pdftex.def Info: figures/example1.png used on input line 3225.
(pdftex.def)             Requested size: 194.61758pt x 65.26195pt.

<figures/example2.png, id=81, 716.6775pt x 525.46312pt>
File: figures/example2.png Graphic file (type png)

<use figures/example2.png>
Package pdftex.def Info: figures/example2.png used on input line 3273.
(pdftex.def)             Requested size: 121.63553pt x 89.1752pt.
 [19 <E:/study/mypaper/SDL_FCS_2021/FCS template2012v2/onGithub_20210710/figure
s/example1.png> <E:/study/mypaper/SDL_FCS_2021/FCS template2012v2/onGithub_2021
0710/figures/example2.png>]
Overfull \hbox (5.57861pt too wide) detected at line 3321
\OML/txmi/m/it/10 [] \OT1/txr/m/n/10 = (\OML/txmi/m/it/10 x \OT1/txr/m/n/10 = 
0 \OMS/txsy/m/n/10 ^ \OML/txmi/m/it/10 y \OT1/txr/m/n/10 = 0) \OMS/txsy/m/n/10 
! \OT1/txr/m/n/10 [[](\OML/txmi/m/it/10 P[]; E; O[]; O[]\OT1/txr/m/n/10 )]\U/tx
sya/m/n/10 \OT1/txr/m/n/10 (\OML/txmi/m/it/10 y \OT1/txr/m/n/10 = 1 \OMS/txsy/
m/n/10 ! \OML/txmi/m/it/10 x \OT1/txr/m/n/10 = 1)\OML/txmi/m/it/10 ;
 []


Underfull \hbox (badness 2376) in paragraph at lines 3570--3570
 |[]\T1/txr/m/n/10 Verification Frame-work-s and Tech-niques for Syn-
 []

[20]
Underfull \vbox (badness 10000) has occurred while \output is active []

 [21]
("E:\study\mypaper\SDL_FCS_2021\FCS template2012v2\onGithub_20210710\SDL_FCS_20
210710.bbl"
Underfull \vbox (badness 2772) has occurred while \output is active []


Underfull \vbox (badness 2608) has occurred while \output is active []

 [22]
Underfull \vbox (badness 10000) has occurred while \output is active []

)
Underfull \hbox (badness 1953) in paragraph at lines 3752--3756
[]\T1/txr/m/n/10 If $\OML/txmi/m/it/10 p \OT1/txr/m/n/10 = \OML/txmi/m/it/10 p[
] [] p[]$\T1/txr/m/n/10 , by in-duc-tion hy-poth-e-sis, we have
 []

[23]
Underfull \hbox (badness 10000) in paragraph at lines 3759--3760
\T1/txr/m/n/10 Hence, we have $[]\OT1/txr/m/n/10 (\OML/txmi/m/it/10 p\OT1/txr/m
/n/10 ) = [][] [][](\OML/txmi/m/it/10 q\OT1/txr/m/n/10 ) =$
 []

[24]
Underfull \hbox (badness 10000) in paragraph at lines 3892--3894
[]\T1/txr/m/n/10 By De-f. 3.12[] and 3.16[] we know that
 []


Underfull \hbox (badness 10000) in paragraph at lines 3892--3894
$[]\OT1/txr/m/n/10 ([](\OML/txmi/m/it/10 [] [] q[]; :::; [] [] q[]\OT1/txr/m/
n/10 )) = [][] [][](\OML/txmi/m/it/10 r\OT1/txr/m/n/10 )$\T1/txr/m/n/10 ,
 []


Overfull \hbox (0.92569pt too wide) detected at line 3894
[][]\OT1/txr/m/n/10 (\OML/txmi/m/it/10 r\OT1/txr/m/n/10 ) = [][]([](\OML/txmi/m
/it/10 [] [] r[]; :::; [] [] r[]\OT1/txr/m/n/10 )) = [](\OML/txmi/m/it/10 []
\OT1/txr/m/n/10 ) \OMS/txsy/m/n/10  []\OT1/txr/m/n/10 (\OMS/txsy/m/n/10 \\OT1/
txr/m/n/10 (\OML/txmi/m/it/10 r[]; :::; r[]\OT1/txr/m/n/10 ))
 []


Underfull \hbox (badness 4556) in paragraph at lines 3894--3899
\T1/txr/m/n/10 ues of $\OML/txmi/m/it/10 b[]$ \T1/txr/m/n/10 and $\OML/txmi/m/i
t/10 []$ \T1/txr/m/n/10 are on-ly re-lat-ed to $\OML/txmi/m/it/10 []$\T1/txr/
m/n/10 ,...,$\OML/txmi/m/it/10 []$ \T1/txr/m/n/10 and
 []


Underfull \hbox (badness 2865) in paragraph at lines 3894--3899
\T1/txr/m/n/10 have noth-ing to do with $\OML/txmi/m/it/10 r[]$\T1/txr/m/n/10 ,
...,$\OML/txmi/m/it/10 r[]$\T1/txr/m/n/10 , there-fore, we have
 []


Underfull \hbox (badness 1527) in paragraph at lines 3894--3899
$\OML/txmi/m/it/10 b[] \OT1/txr/m/n/10 = \OML/txmi/m/it/10 b$ \T1/txr/m/n/10 an
d $\OML/txmi/m/it/10 [] \OT1/txr/m/n/10 = \OML/txmi/m/it/10 $ \T1/txr/m/n/10 
(, where in the rule $\OT1/txr/m/n/10 ([]\OML/txmi/m/it/10 ; []\OT1/txr/m/n/10 
)$
 []


Underfull \hbox (badness 4205) in paragraph at lines 3894--3899
\T1/txr/m/n/10 we have $\OT1/txr/m/n/10 (\OML/txmi/m/it/10 b; ; \OT1/txr/m/n/1
0 (\OML/txmi/m/it/10 q[] [] ::: [] q[]\OT1/txr/m/n/10 )) = [](\OML/txmi/m/it/10
 [] [] q[] [] ::: [] [] [] q[]\OT1/txr/m/n/10 )$\T1/txr/m/n/10 ).
 []


Underfull \hbox (badness 10000) in paragraph at lines 3894--3899
\T1/txr/m/n/10 So we have $[][] [][]\OT1/txr/m/n/10 (\OML/txmi/m/it/10 r\OT1/tx
r/m/n/10 ) =$
 []


Underfull \hbox (badness 1565) in paragraph at lines 3894--3899
$[][] []\OT1/txr/m/n/10 (\OML/txmi/m/it/10 \OT1/txr/m/n/10 ) \OMS/txsy/m/n/10 
 []\OT1/txr/m/n/10 ([](\OML/txmi/m/it/10 r[]; :::; r[]\OT1/txr/m/n/10 )) = [](
\OML/txmi/m/it/10 \OT1/txr/m/n/10 ) \OMS/txsy/m/n/10 $
 []


Underfull \hbox (badness 1867) in paragraph at lines 3951--3953
$\OML/txmi/m/it/10 \OT1/txr/m/n/10 (\OML/txmi/m/it/10 p[]\OMS/txsy/m/n/10 f\OM
L/txmi/m/it/10 q\OMS/txsy/m/n/10 g\OT1/txr/m/n/10 ) = \OML/txmi/m/it/10 \OT1/t
xr/m/n/10 (\OML/txmi/m/it/10 p[]\OMS/txsy/m/n/10 f\OML/txmi/m/it/10 r\OMS/txsy/
m/n/10 g\OT1/txr/m/n/10 )$\T1/txr/m/n/10 , so $\OML/txmi/m/it/10 \OT1/txr/m/n/
10 (\OML/txmi/m/it/10 p\OMS/txsy/m/n/10 f\OML/txmi/m/it/10 q\OMS/txsy/m/n/10 g\
OT1/txr/m/n/10 ) = [][] \OML/txmi/m/it/10 \OT1/txr/m/n/10 (\OML/txmi/m/it/10 p
[]\OMS/txsy/m/n/10 f\OML/txmi/m/it/10 q\OMS/txsy/m/n/10 g\OT1/txr/m/n/10 ) =$
 []


Underfull \hbox (badness 10000) in paragraph at lines 3951--3953
$[][]\OMS/txsy/m/n/10 f\OML/txmi/m/it/10 t[] [] ::: [] t[] \OMS/txsy/m/n/10 j \
OML/txmi/m/it/10 t[] \OMS/txsy/m/n/10 2 \OML/txmi/m/it/10 \OT1/txr/m/n/10 (\OM
L/txmi/m/it/10 p[]\OMS/txsy/m/n/10 f\OML/txmi/m/it/10 q\OMS/txsy/m/n/10 g\OT1/t
xr/m/n/10 )[]\OMS/txsy/m/n/10 g \OT1/txr/m/n/10 =$
 []


Underfull \hbox (badness 10000) in paragraph at lines 3951--3953
$[][]\OMS/txsy/m/n/10 f\OML/txmi/m/it/10 t[] [] ::: [] t[] \OMS/txsy/m/n/10 j \
OML/txmi/m/it/10 t[] \OMS/txsy/m/n/10 2 \OML/txmi/m/it/10 \OT1/txr/m/n/10 (\OM
L/txmi/m/it/10 p[]\OMS/txsy/m/n/10 f\OML/txmi/m/it/10 r\OMS/txsy/m/n/10 g\OT1/t
xr/m/n/10 )[]\OMS/txsy/m/n/10 g \OT1/txr/m/n/10 =$
 []


Underfull \hbox (badness 4001) in paragraph at lines 3962--3970
\T1/txr/m/n/10 and $\OML/txmi/m/it/10 r \OT1/txr/m/n/10 = \OML/txmi/m/it/10  [
] []\OT1/txr/m/n/10 (\OML/txmi/m/it/10 q[]; :::; q[]\OT1/txr/m/n/10 )$ \T1/txr/
m/n/10 where $\OT1/txr/m/n/10 (\OML/txmi/m/it/10 b; ; \OT1/txr/m/n/10 (\OML/tx
mi/m/it/10 q[] [] ::: [] q[]\OT1/txr/m/n/10 )) =$
 []


Underfull \hbox (badness 1688) in paragraph at lines 3962--3970
$\OML/txmi/m/it/10 \OT1/txr/m/n/10 (\OML/txmi/m/it/10 r\OT1/txr/m/n/10 )$ \T1/
txr/m/n/10 such that $\OML/txmi/m/it/10 r\OMS/txsy/m/n/10 f\OML/txmi/m/it/10 r[
]\OMS/txsy/m/n/10 g 2 \OML/txmi/m/it/10 \OT1/txr/m/n/10 (\OML/txmi/m/it/10 p\O
MS/txsy/m/n/10 f\OML/txmi/m/it/10 q\OMS/txsy/m/n/10 g\OT1/txr/m/n/10 )$\T1/txr/
m/n/10 , $\OML/txmi/m/it/10 r\OMS/txsy/m/n/10 f\OML/txmi/m/it/10 r[]\OMS/txsy/m
/n/10 g 2 \OML/txmi/m/it/10 \OT1/txr/m/n/10 (\OML/txmi/m/it/10 p\OMS/txsy/m/n/
10 f\OML/txmi/m/it/10 r\OMS/txsy/m/n/10 g\OT1/txr/m/n/10 )$ \T1/txr/m/n/10 and
 []

[25] [26]
Underfull \hbox (badness 2326) in paragraph at lines 4181--4184
$\OT1/txr/m/n/10 [\OML/txmi/m/it/10 p[]\OT1/txr/m/n/10 ][\OML/txmi/m/it/10 p[]\
OT1/txr/m/n/10 ]\U/txsya/m/n/10 \OML/txmi/m/it/10  []\OT1/txr/m/n/10 )$\T1/txr
/m/n/10 . By in-duc-tive hy-poth-e-sis, we have
 []

[27] <fcs-2.pdf, id=113, 85.39905pt x 112.9831pt>
File: fcs-2.pdf Graphic file (type pdf)
 <use fcs-2.pdf>
Package pdftex.def Info: fcs-2.pdf used on input line 4327.
(pdftex.def)             Requested size: 85.39883pt x 112.9828pt.
 [28]
Underfull \vbox (badness 10000) has occurred while \output is active []

Extra height:10.0pt when 47.9563pt

Underfull \vbox (badness 10000) has occurred while \output is active []

Extra height:10.0pt when 48.9563pt

Underfull \vbox (badness 10000) has occurred while \output is active []

Extra height:0.0pt when 49.9563pt

Underfull \vbox (badness 10000) has occurred while \output is active []

(2)Left:49.9563pt Right:49.4485pt Output:49.9563pt
- LAST -
Extra skip:0.0pt
Left:49.9563pt
Right:49.4485pt
Output:49.9563pt

Underfull \vbox (badness 10000) has occurred while \output is active []

 [29

 <E:/study/mypaper/SDL_FCS_2021/FCS template2012v2/onGithub_20210710/fcs-2.pdf>
]
("E:\study\mypaper\SDL_FCS_2021\FCS template2012v2\onGithub_20210710\SDL_FCS_20
210710.aux")

LaTeX Warning: There were undefined references.

 ) 
Here is how much of TeX's memory you used:
 19405 strings out of 495354
 366926 string characters out of 3183858
 492955 words of memory out of 3000000
 22063 multiletter control sequences out of 15000+200000
 81443 words of font info for 138 fonts, out of 3000000 for 9000
 14 hyphenation exceptions out of 8191
 49i,38n,68p,654b,914s stack positions out of 5000i,500n,10000p,200000b,50000s
{C:/CTEX/MiKTeX/fonts/enc/dvips/fontname/8r.enc}<C:/CTEX/MiKTeX/fonts/type1/p
ublic/txfonts/rtxi.pfb><C:/CTEX/MiKTeX/fonts/type1/public/txfonts/rtxmi.pfb><C:
/CTEX/MiKTeX/fonts/type1/public/txfonts/rtxr.pfb><C:/CTEX/MiKTeX/fonts/type1/pu
blic/txfonts/rtxsc.pfb><C:/CTEX/MiKTeX/fonts/type1/public/txfonts/txex.pfb><C:/
CTEX/MiKTeX/fonts/type1/public/txfonts/txexa.pfb><C:/CTEX/MiKTeX/fonts/type1/pu
blic/txfonts/txsy.pfb><C:/CTEX/MiKTeX/fonts/type1/public/txfonts/txsya.pfb><C:/
CTEX/MiKTeX/fonts/type1/public/txfonts/txsyb.pfb><C:/CTEX/MiKTeX/fonts/type1/pu
blic/txfonts/txsyc.pfb><C:/CTEX/MiKTeX/fonts/type1/urw/times/utmb8a.pfb><C:/CTE
X/MiKTeX/fonts/type1/urw/times/utmr8a.pfb><C:/CTEX/MiKTeX/fonts/type1/urw/times
/utmri8a.pfb>
Output written on SDL_FCS_20210710.pdf (29 pages, 369711 bytes).
PDF statistics:
 165 PDF objects out of 1000 (max. 8388607)
 0 named destinations out of 1000 (max. 500000)
 33 words of extra memory for PDF output out of 10000 (max. 10000000)

